2020-08-23 19:00:12 INFO  Main:24 - Reading of configuration data started
2020-08-23 19:00:14 INFO  Main:110 - finished reading configuration data
2020-08-23 19:00:14 INFO  Main:113 - dependency initialization
2020-08-23 19:00:14 INFO  Main:123 - server start
2020-08-23 19:00:14 INFO  Main:139 - started http server
2020-08-23 19:11:48 INFO  Main:24 - Reading of configuration data started
2020-08-23 19:11:50 INFO  Main:110 - finished reading configuration data
2020-08-23 19:11:50 INFO  Main:113 - dependency initialization
2020-08-23 19:11:50 INFO  Main:123 - server start
2020-08-23 19:11:50 INFO  Main:139 - started http server
2020-08-23 19:11:50 INFO  Main:143 - starting telegram bot handler
2020-08-23 19:12:05 INFO  BotHttpServer:45 - the server received a response
2020-08-23 19:59:29 INFO  Main:24 - Reading of configuration data started
2020-08-23 19:59:31 INFO  Main:110 - finished reading configuration data
2020-08-23 19:59:31 INFO  Main:113 - dependency initialization
2020-08-23 19:59:32 INFO  Main:123 - server start
2020-08-23 19:59:32 INFO  Main:139 - started http server
2020-08-23 19:59:32 INFO  Main:143 - starting telegram bot handler
2020-08-23 19:59:37 INFO  TelegramService:68 - received a new request in telegram
2020-08-23 19:59:44 INFO  TelegramService:68 - received a new request in telegram
2020-08-23 19:59:52 INFO  TelegramService:68 - received a new request in telegram
2020-08-23 19:59:52 INFO  TelegramService:71 - received a request /auth
2020-08-23 19:59:52 INFO  TelegramService:73 - authorization completed successfully
2020-08-23 20:00:11 INFO  TelegramService:68 - received a new request in telegram
2020-08-23 20:00:11 INFO  TelegramService:81 - received a request /deauthorize
2020-08-23 20:00:12 INFO  TelegramService:83 - method /deauthorize completed successfully
2020-08-23 20:00:34 INFO  TelegramService:68 - received a new request in telegram
2020-08-23 20:00:34 INFO  TelegramService:71 - received a request /auth
2020-08-23 20:00:34 INFO  TelegramService:124 - saved user data
2020-08-23 20:00:34 INFO  TelegramClient:69 - sent to user Oauth link
2020-08-23 20:00:34 INFO  TelegramService:73 - authorization completed successfully
2020-08-23 20:00:54 INFO  BotHttpServer:45 - the server received a response from Strava
2020-08-23 20:00:55 INFO  StravaService:36 - saved credentials for user - 243787596
2020-08-23 20:05:51 INFO  Main:24 - Reading of configuration data started
2020-08-23 20:05:52 INFO  Main:110 - finished reading configuration data
2020-08-23 20:05:52 INFO  Main:113 - dependency initialization
2020-08-23 20:05:53 INFO  Main:123 - server start
2020-08-23 20:05:53 INFO  Main:139 - started http server
2020-08-23 20:05:53 INFO  Main:143 - starting telegram bot handler
2020-08-23 20:06:02 INFO  TelegramService:68 - received a new request in telegram
2020-08-23 20:06:10 INFO  TelegramService:68 - received a new request in telegram
2020-08-23 20:06:10 INFO  TelegramService:76 - received a request /weekdistance
2020-08-23 20:06:10 INFO  TelegramService:78 - method /weekdistance completed successfully
2020-08-23 20:06:36 INFO  TelegramService:68 - received a new request in telegram
2020-08-23 20:06:36 INFO  TelegramService:71 - received a request /auth
2020-08-23 20:06:36 INFO  TelegramService:124 - saved user data
2020-08-23 20:06:36 INFO  TelegramClient:69 - sent to user Oauth link
2020-08-23 20:06:36 INFO  TelegramService:73 - authorization completed successfully
2020-08-23 20:08:01 INFO  BotHttpServer:45 - the server received a response from Strava
2020-08-23 20:08:02 INFO  StravaService:36 - saved credentials for user - 243787596
